\BOOKMARK [1][-]{section*.1}{Function Approximation}{}% 1
\BOOKMARK [2][-]{section*.2}{Question 1}{section*.1}% 2
\BOOKMARK [2][-]{section*.3}{Question 2}{section*.1}% 3
\BOOKMARK [2][-]{section*.4}{Question 3}{section*.1}% 4
\BOOKMARK [2][-]{section*.5}{Question 4}{section*.1}% 5
\BOOKMARK [2][-]{section*.6}{Question 5}{section*.1}% 6
\BOOKMARK [2][-]{section*.7}{Question 6}{section*.1}% 7
\BOOKMARK [2][-]{section*.8}{Question 7}{section*.1}% 8
\BOOKMARK [2][-]{section*.9}{Question 8}{section*.1}% 9
\BOOKMARK [1][-]{section*.10}{DQN, Fitted Q and Policy Gradient Approaches}{}% 10
\BOOKMARK [2][-]{section*.11}{Question 1}{section*.10}% 11
\BOOKMARK [2][-]{section*.12}{Question 2}{section*.10}% 12
\BOOKMARK [2][-]{section*.13}{Question 3}{section*.10}% 13
\BOOKMARK [2][-]{section*.14}{Question 4}{section*.10}% 14
\BOOKMARK [2][-]{section*.15}{Question 5}{section*.10}% 15
\BOOKMARK [2][-]{section*.16}{Question 6}{section*.10}% 16
\BOOKMARK [2][-]{section*.17}{Question 7}{section*.10}% 17
\BOOKMARK [2][-]{section*.18}{Question 8}{section*.10}% 18
\BOOKMARK [1][-]{section*.19}{Hierarchical Reinforcement Learning}{}% 19
\BOOKMARK [2][-]{section*.20}{Question 1}{section*.19}% 20
\BOOKMARK [2][-]{section*.21}{Question 2}{section*.19}% 21
\BOOKMARK [2][-]{section*.22}{Question 3}{section*.19}% 22
\BOOKMARK [2][-]{section*.23}{Question 4}{section*.19}% 23
\BOOKMARK [2][-]{section*.24}{Question 5}{section*.19}% 24
\BOOKMARK [2][-]{section*.25}{Question 6}{section*.19}% 25
\BOOKMARK [2][-]{section*.26}{Question 7}{section*.19}% 26
\BOOKMARK [2][-]{section*.27}{Question 8}{section*.19}% 27
\BOOKMARK [1][-]{section*.28}{Hierarchical RL: MAXQ}{}% 28
\BOOKMARK [2][-]{section*.29}{Question 1}{section*.28}% 29
\BOOKMARK [2][-]{section*.30}{Question 2}{section*.28}% 30
\BOOKMARK [2][-]{section*.31}{Question 3}{section*.28}% 31
\BOOKMARK [2][-]{section*.32}{Question 4}{section*.28}% 32
\BOOKMARK [2][-]{section*.33}{Question 5}{section*.28}% 33
\BOOKMARK [2][-]{section*.34}{Question 6}{section*.28}% 34
\BOOKMARK [1][-]{section*.35}{POMDPs}{}% 35
\BOOKMARK [2][-]{section*.36}{Question 1}{section*.35}% 36
\BOOKMARK [2][-]{section*.37}{Question 2}{section*.35}% 37
\BOOKMARK [2][-]{section*.38}{Question 3}{section*.35}% 38
\BOOKMARK [2][-]{section*.39}{Question 4}{section*.35}% 39
\BOOKMARK [2][-]{section*.40}{Question 5}{section*.35}% 40
\BOOKMARK [2][-]{section*.41}{Question 6}{section*.35}% 41
